<?xml version="1.0" encoding="UTF-8"?>
<testsuite name="OrientationTest" tests="3" skipped="0" failures="0" errors="0" timestamp="2024-09-22T22:47:56" hostname="samarths-Air.attlocal.net" time="0.029">
  <properties/>
  <testcase name="testLeftTurn()" classname="OrientationTest" time="0.021"/>
  <testcase name="testRightTurn()" classname="OrientationTest" time="0.003"/>
  <testcase name="testFullRotation()" classname="OrientationTest" time="0.002"/>
  <system-out><![CDATA[]]></system-out>
  <system-err><![CDATA[]]></system-err>
</testsuite>
