<?xml version="1.0" encoding="UTF-8"?>
<testsuite name="com.marsrover.model.OrientationTest" tests="3" skipped="0" failures="0" errors="0" timestamp="2024-09-26T15:01:23" hostname="samarths-Air.attlocal.net" time="0.015">
  <properties/>
  <testcase name="testLeftTurn()" classname="com.marsrover.model.OrientationTest" time="0.0"/>
  <testcase name="testRightTurn()" classname="com.marsrover.model.OrientationTest" time="0.007"/>
  <testcase name="testFromString()" classname="com.marsrover.model.OrientationTest" time="0.006"/>
  <system-out><![CDATA[]]></system-out>
  <system-err><![CDATA[]]></system-err>
</testsuite>
