<?xml version="1.0" encoding="UTF-8"?>
<testsuite name="PlateauTest" tests="4" skipped="0" failures="0" errors="0" timestamp="2024-09-24T21:26:56" hostname="samarths-Air.attlocal.net" time="0.012">
  <properties/>
  <testcase name="testPlaceAndRemoveRover()" classname="PlateauTest" time="0.005"/>
  <testcase name="testInvalidPlateauCreation()" classname="PlateauTest" time="0.002"/>
  <testcase name="testValidPlateauCreation()" classname="PlateauTest" time="0.0"/>
  <testcase name="testIsValidPosition()" classname="PlateauTest" time="0.0"/>
  <system-out><![CDATA[]]></system-out>
  <system-err><![CDATA[]]></system-err>
</testsuite>
