<?xml version="1.0" encoding="UTF-8"?>
<testsuite name="com.marsrover.service.RoverFactoryTest" tests="4" skipped="0" failures="0" errors="0" timestamp="2024-09-27T03:34:08" hostname="samarths-Air.attlocal.net" time="0.019">
  <properties/>
  <testcase name="testCreateStandardRover()" classname="com.marsrover.service.RoverFactoryTest" time="0.001"/>
  <testcase name="testCreateJumpingRover()" classname="com.marsrover.service.RoverFactoryTest" time="0.003"/>
  <testcase name="testInvalidRoverInitialization()" classname="com.marsrover.service.RoverFactoryTest" time="0.008"/>
  <testcase name="testCreateUnknownRoverType()" classname="com.marsrover.service.RoverFactoryTest" time="0.001"/>
  <system-out><![CDATA[]]></system-out>
  <system-err><![CDATA[]]></system-err>
</testsuite>
