<?xml version="1.0" encoding="UTF-8"?>
<testsuite name="RoverFactoryTest" tests="3" skipped="0" failures="0" errors="0" timestamp="2024-09-24T22:15:43" hostname="samarths-Air.attlocal.net" time="0.012">
  <properties/>
  <testcase name="testCreateStandardRover()" classname="RoverFactoryTest" time="0.003"/>
  <testcase name="testCreateJumpingRover()" classname="RoverFactoryTest" time="0.001"/>
  <testcase name="testCreateUnknownRoverType()" classname="RoverFactoryTest" time="0.005"/>
  <system-out><![CDATA[]]></system-out>
  <system-err><![CDATA[]]></system-err>
</testsuite>
