<?xml version="1.0" encoding="UTF-8"?>
<testsuite name="OrientationTest" tests="3" skipped="0" failures="0" errors="0" timestamp="2024-09-23T04:56:58" hostname="samarths-Air.attlocal.net" time="0.054">
  <properties/>
  <testcase name="testLeftTurn()" classname="OrientationTest" time="0.039"/>
  <testcase name="testRightTurn()" classname="OrientationTest" time="0.005"/>
  <testcase name="testFullRotation()" classname="OrientationTest" time="0.002"/>
  <system-out><![CDATA[]]></system-out>
  <system-err><![CDATA[]]></system-err>
</testsuite>
