<?xml version="1.0" encoding="UTF-8"?>
<testsuite name="com.marsrover.model.JumpingRoverTest" tests="7" skipped="0" failures="0" errors="0" timestamp="2024-09-26T03:58:33" hostname="samarths-Air.attlocal.net" time="0.052">
  <properties/>
  <testcase name="testMoveOutOfBounds()" classname="com.marsrover.model.JumpingRoverTest" time="0.019"/>
  <testcase name="testJumpOutOfBounds()" classname="com.marsrover.model.JumpingRoverTest" time="0.004"/>
  <testcase name="testInvalidCommand()" classname="com.marsrover.model.JumpingRoverTest" time="0.009"/>
  <testcase name="testMultipleCommands()" classname="com.marsrover.model.JumpingRoverTest" time="0.004"/>
  <testcase name="testJumpWithinBounds()" classname="com.marsrover.model.JumpingRoverTest" time="0.003"/>
  <testcase name="testProcessCommands()" classname="com.marsrover.model.JumpingRoverTest" time="0.003"/>
  <testcase name="testMoveWithinBounds()" classname="com.marsrover.model.JumpingRoverTest" time="0.001"/>
  <system-out><![CDATA[Processing commands for Rover R2 at initial position (0, 5)
Rover R2 attempting to move from (0, 5) to (0, 6)
Warning: Rover R2 cannot move. Position out of bounds.
Processing commands for Rover R2 at initial position (0, 5)
Rover R2 attempting to jump from (0, 5) to (0, 7)
Warning: Rover R2 cannot jump. Position out of bounds.
Processing commands for Rover R1 at initial position (1, 2)
Processing commands for Rover R1 at initial position (1, 2)
Rover R1 attempting to move from (1, 2) to (0, 2)
Rover R1 successfully moved to (0, 2)
Rover R1 attempting to move from (0, 2) to (0, 1)
Rover R1 successfully moved to (0, 1)
Rover R1 attempting to jump from (0, 1) to (-2, 1)
Warning: Rover R1 cannot jump. Position out of bounds.
Processing commands for Rover R1 at initial position (1, 2)
Rover R1 attempting to jump from (1, 2) to (1, 4)
Rover R1 successfully jumped to (1, 4)
Processing commands for Rover R1 at initial position (1, 2)
Rover R1 attempting to move from (1, 2) to (0, 2)
Rover R1 successfully moved to (0, 2)
Rover R1 attempting to move from (0, 2) to (0, 1)
Rover R1 successfully moved to (0, 1)
Rover R1 attempting to jump from (0, 1) to (-2, 1)
Warning: Rover R1 cannot jump. Position out of bounds.
Processing commands for Rover R1 at initial position (1, 2)
Rover R1 attempting to move from (1, 2) to (1, 3)
Rover R1 successfully moved to (1, 3)
]]></system-out>
  <system-err><![CDATA[]]></system-err>
</testsuite>
