<?xml version="1.0" encoding="UTF-8"?>
<testsuite name="com.marsrover.service.RoverFactoryTest" tests="3" skipped="0" failures="0" errors="0" timestamp="2024-09-26T02:48:30" hostname="samarths-Air.attlocal.net" time="0.012">
  <properties/>
  <testcase name="testCreateStandardRover()" classname="com.marsrover.service.RoverFactoryTest" time="0.003"/>
  <testcase name="testCreateJumpingRover()" classname="com.marsrover.service.RoverFactoryTest" time="0.001"/>
  <testcase name="testCreateUnknownRoverType()" classname="com.marsrover.service.RoverFactoryTest" time="0.002"/>
  <system-out><![CDATA[]]></system-out>
  <system-err><![CDATA[]]></system-err>
</testsuite>
