<?xml version="1.0" encoding="UTF-8"?>
<testsuite name="StandardRoverTest" tests="2" skipped="0" failures="0" errors="0" timestamp="2024-09-24T19:09:00" hostname="samarths-Air.attlocal.net" time="0.006">
  <properties/>
  <testcase name="testSetOrientation()" classname="StandardRoverTest" time="0.001"/>
  <testcase name="testMoveWest()" classname="StandardRoverTest" time="0.004"/>
  <system-out><![CDATA[]]></system-out>
  <system-err><![CDATA[]]></system-err>
</testsuite>
