<?xml version="1.0" encoding="UTF-8"?>
<testsuite name="com.marsrover.service.ConsoleInputHandlerTest" tests="3" skipped="0" failures="0" errors="0" timestamp="2024-09-26T15:01:23" hostname="samarths-Air.attlocal.net" time="0.024">
  <properties/>
  <testcase name="testGetInput()" classname="com.marsrover.service.ConsoleInputHandlerTest" time="0.016"/>
  <testcase name="testGetInputEmpty()" classname="com.marsrover.service.ConsoleInputHandlerTest" time="0.003"/>
  <testcase name="testIOException()" classname="com.marsrover.service.ConsoleInputHandlerTest" time="0.003"/>
  <system-out><![CDATA[]]></system-out>
  <system-err><![CDATA[]]></system-err>
</testsuite>
