<?xml version="1.0" encoding="UTF-8"?>
<testsuite name="com.marsrover.model.AbstractRoverTest" tests="4" skipped="0" failures="0" errors="0" timestamp="2024-09-26T03:06:32" hostname="samarths-Air.attlocal.net" time="0.037">
  <properties/>
  <testcase name="testInitialPosition()" classname="com.marsrover.model.AbstractRoverTest" time="0.022"/>
  <testcase name="testGetters()" classname="com.marsrover.model.AbstractRoverTest" time="0.002"/>
  <testcase name="testTurnRight()" classname="com.marsrover.model.AbstractRoverTest" time="0.002"/>
  <testcase name="testTurnLeft()" classname="com.marsrover.model.AbstractRoverTest" time="0.002"/>
  <system-out><![CDATA[]]></system-out>
  <system-err><![CDATA[]]></system-err>
</testsuite>
