<?xml version="1.0" encoding="UTF-8"?>
<testsuite name="com.marsrover.service.ConsoleInputHandlerTest" tests="4" skipped="0" failures="0" errors="0" timestamp="2024-09-27T03:34:08" hostname="samarths-Air.attlocal.net" time="0.023">
  <properties/>
  <testcase name="testGetInput()" classname="com.marsrover.service.ConsoleInputHandlerTest" time="0.007"/>
  <testcase name="testGetInputEmpty()" classname="com.marsrover.service.ConsoleInputHandlerTest" time="0.001"/>
  <testcase name="testCloseInputHandler()" classname="com.marsrover.service.ConsoleInputHandlerTest" time="0.009"/>
  <testcase name="testIOException()" classname="com.marsrover.service.ConsoleInputHandlerTest" time="0.003"/>
  <system-out><![CDATA[]]></system-out>
  <system-err><![CDATA[]]></system-err>
</testsuite>
