<?xml version="1.0" encoding="UTF-8"?>
<testsuite name="ConsoleInputHandlerTest" tests="3" skipped="0" failures="0" errors="0" timestamp="2024-09-24T22:15:40" hostname="samarths-Air.attlocal.net" time="0.021">
  <properties/>
  <testcase name="testGetInput()" classname="ConsoleInputHandlerTest" time="0.006"/>
  <testcase name="testGetInputEmpty()" classname="ConsoleInputHandlerTest" time="0.005"/>
  <testcase name="testIOException()" classname="ConsoleInputHandlerTest" time="0.003"/>
  <system-out><![CDATA[]]></system-out>
  <system-err><![CDATA[]]></system-err>
</testsuite>
