<?xml version="1.0" encoding="UTF-8"?>
<testsuite name="com.marsrover.model.PlateauTest" tests="4" skipped="0" failures="0" errors="0" timestamp="2024-09-26T02:48:30" hostname="samarths-Air.attlocal.net" time="0.031">
  <properties/>
  <testcase name="testPlaceAndRemoveRover()" classname="com.marsrover.model.PlateauTest" time="0.002"/>
  <testcase name="testInvalidPlateauCreation()" classname="com.marsrover.model.PlateauTest" time="0.009"/>
  <testcase name="testValidPlateauCreation()" classname="com.marsrover.model.PlateauTest" time="0.012"/>
  <testcase name="testIsValidPosition()" classname="com.marsrover.model.PlateauTest" time="0.002"/>
  <system-out><![CDATA[]]></system-out>
  <system-err><![CDATA[]]></system-err>
</testsuite>
