<?xml version="1.0" encoding="UTF-8"?>
<testsuite name="StandardRoverTest" tests="2" skipped="0" failures="0" errors="0" timestamp="2024-09-24T21:26:56" hostname="samarths-Air.attlocal.net" time="0.01">
  <properties/>
  <testcase name="testSetOrientation()" classname="StandardRoverTest" time="0.0"/>
  <testcase name="testMoveWest()" classname="StandardRoverTest" time="0.002"/>
  <system-out><![CDATA[]]></system-out>
  <system-err><![CDATA[]]></system-err>
</testsuite>
