<?xml version="1.0" encoding="UTF-8"?>
<testsuite name="com.marsrover.model.OrientationTest" tests="3" skipped="0" failures="0" errors="0" timestamp="2024-09-26T03:06:32" hostname="samarths-Air.attlocal.net" time="0.01">
  <properties/>
  <testcase name="testLeftTurn()" classname="com.marsrover.model.OrientationTest" time="0.001"/>
  <testcase name="testRightTurn()" classname="com.marsrover.model.OrientationTest" time="0.001"/>
  <testcase name="testFromString()" classname="com.marsrover.model.OrientationTest" time="0.003"/>
  <system-out><![CDATA[]]></system-out>
  <system-err><![CDATA[]]></system-err>
</testsuite>
