<?xml version="1.0" encoding="UTF-8"?>
<testsuite name="StandardRoverTest" tests="2" skipped="0" failures="0" errors="0" timestamp="2024-09-24T16:41:55" hostname="samarths-Air.attlocal.net" time="0.011">
  <properties/>
  <testcase name="testSetOrientation()" classname="StandardRoverTest" time="0.003"/>
  <testcase name="testMoveWest()" classname="StandardRoverTest" time="0.001"/>
  <system-out><![CDATA[]]></system-out>
  <system-err><![CDATA[]]></system-err>
</testsuite>
