<?xml version="1.0" encoding="UTF-8"?>
<testsuite name="com.marsrover.model.PlateauTest" tests="6" skipped="0" failures="0" errors="0" timestamp="2024-09-27T03:34:08" hostname="samarths-Air.attlocal.net" time="0.039">
  <properties/>
  <testcase name="testPlaceAndRemoveRover()" classname="com.marsrover.model.PlateauTest" time="0.002"/>
  <testcase name="testMultipleRovers()" classname="com.marsrover.model.PlateauTest" time="0.006"/>
  <testcase name="testInvalidPlateauCreation()" classname="com.marsrover.model.PlateauTest" time="0.008"/>
  <testcase name="testValidPlateauCreation()" classname="com.marsrover.model.PlateauTest" time="0.001"/>
  <testcase name="testCollisionAvoidance()" classname="com.marsrover.model.PlateauTest" time="0.006"/>
  <testcase name="testIsValidPosition()" classname="com.marsrover.model.PlateauTest" time="0.001"/>
  <system-out><![CDATA[Warning: Rover R1 cannot move. Position blocked or out of bounds.
Warning: Rover R2 cannot move. Position blocked or out of bounds.
]]></system-out>
  <system-err><![CDATA[]]></system-err>
</testsuite>
