<?xml version="1.0" encoding="UTF-8"?>
<testsuite name="com.marsrover.model.StandardRoverTest" tests="2" skipped="0" failures="0" errors="0" timestamp="2024-09-27T03:34:08" hostname="samarths-Air.attlocal.net" time="0.01">
  <properties/>
  <testcase name="testSetOrientation()" classname="com.marsrover.model.StandardRoverTest" time="0.003"/>
  <testcase name="testMoveWest()" classname="com.marsrover.model.StandardRoverTest" time="0.002"/>
  <system-out><![CDATA[]]></system-out>
  <system-err><![CDATA[]]></system-err>
</testsuite>
