<?xml version="1.0" encoding="UTF-8"?>
<testsuite name="PlateauTest" tests="3" skipped="0" failures="0" errors="0" timestamp="2024-09-22T22:47:56" hostname="samarths-Air.attlocal.net" time="0.009">
  <properties/>
  <testcase name="testInvalidPlateauCreation()" classname="PlateauTest" time="0.004"/>
  <testcase name="testValidPlateauCreation()" classname="PlateauTest" time="0.001"/>
  <testcase name="testIsValidPosition()" classname="PlateauTest" time="0.001"/>
  <system-out><![CDATA[]]></system-out>
  <system-err><![CDATA[]]></system-err>
</testsuite>
