<?xml version="1.0" encoding="UTF-8"?>
<testsuite name="com.marsrover.util.PlateauVisualizerTest" tests="2" skipped="0" failures="0" errors="0" timestamp="2024-09-26T02:48:30" hostname="samarths-Air.attlocal.net" time="0.037">
  <properties/>
  <testcase name="testVisualize()" classname="com.marsrover.util.PlateauVisualizerTest" time="0.025"/>
  <testcase name="testAvoidNegativeCoordinates()" classname="com.marsrover.util.PlateauVisualizerTest" time="0.004"/>
  <system-out><![CDATA[]]></system-out>
  <system-err><![CDATA[]]></system-err>
</testsuite>
