<?xml version="1.0" encoding="UTF-8"?>
<testsuite name="com.marsrover.model.AbstractRoverTest" tests="6" skipped="0" failures="0" errors="0" timestamp="2024-09-27T03:34:07" hostname="samarths-Air.attlocal.net" time="0.049">
  <properties/>
  <testcase name="testInitialPosition()" classname="com.marsrover.model.AbstractRoverTest" time="0.02"/>
  <testcase name="testEdgeBehavior()" classname="com.marsrover.model.AbstractRoverTest" time="0.006"/>
  <testcase name="testCompletePlateauCoverage()" classname="com.marsrover.model.AbstractRoverTest" time="0.005"/>
  <testcase name="testGetters()" classname="com.marsrover.model.AbstractRoverTest" time="0.003"/>
  <testcase name="testTurnRight()" classname="com.marsrover.model.AbstractRoverTest" time="0.0"/>
  <testcase name="testTurnLeft()" classname="com.marsrover.model.AbstractRoverTest" time="0.004"/>
  <system-out><![CDATA[Warning: Rover R1 cannot move. Position blocked or out of bounds.
]]></system-out>
  <system-err><![CDATA[]]></system-err>
</testsuite>
