<?xml version="1.0" encoding="UTF-8"?>
<testsuite name="PlateauVisualizerTest" tests="1" skipped="0" failures="0" errors="0" timestamp="2024-09-24T21:26:56" hostname="samarths-Air.attlocal.net" time="0.015">
  <properties/>
  <testcase name="testVisualize()" classname="PlateauVisualizerTest" time="0.015"/>
  <system-out><![CDATA[]]></system-out>
  <system-err><![CDATA[]]></system-err>
</testsuite>
