<?xml version="1.0" encoding="UTF-8"?>
<testsuite name="com.marsrover.model.PlateauTest" tests="4" skipped="0" failures="0" errors="0" timestamp="2024-09-26T03:06:32" hostname="samarths-Air.attlocal.net" time="0.008">
  <properties/>
  <testcase name="testPlaceAndRemoveRover()" classname="com.marsrover.model.PlateauTest" time="0.001"/>
  <testcase name="testInvalidPlateauCreation()" classname="com.marsrover.model.PlateauTest" time="0.003"/>
  <testcase name="testValidPlateauCreation()" classname="com.marsrover.model.PlateauTest" time="0.001"/>
  <testcase name="testIsValidPosition()" classname="com.marsrover.model.PlateauTest" time="0.0"/>
  <system-out><![CDATA[]]></system-out>
  <system-err><![CDATA[]]></system-err>
</testsuite>
