<?xml version="1.0" encoding="UTF-8"?>
<testsuite name="AbstractRoverTest" tests="4" skipped="0" failures="0" errors="0" timestamp="2024-09-24T22:15:40" hostname="samarths-Air.attlocal.net" time="0.071">
  <properties/>
  <testcase name="testInitialPosition()" classname="AbstractRoverTest" time="0.05"/>
  <testcase name="testGetters()" classname="AbstractRoverTest" time="0.003"/>
  <testcase name="testTurnRight()" classname="AbstractRoverTest" time="0.003"/>
  <testcase name="testTurnLeft()" classname="AbstractRoverTest" time="0.003"/>
  <system-out><![CDATA[]]></system-out>
  <system-err><![CDATA[]]></system-err>
</testsuite>
