<?xml version="1.0" encoding="UTF-8"?>
<testsuite name="MarsRoverProgramTest" tests="1" skipped="0" failures="0" errors="0" timestamp="2024-09-24T21:26:54" hostname="samarths-Air.attlocal.net" time="1.926">
  <properties/>
  <testcase name="testRun()" classname="MarsRoverProgramTest" time="1.926"/>
  <system-out><![CDATA[Enter rover type (standard/jumping), position and orientation (type x y N/E/S/W) or 'done' to finish:
ROVER1 (standard) deployed successfully.
Enter rover type (standard/jumping), position and orientation (type x y N/E/S/W) or 'done' to finish:
Use N (up), W (left), S (down), E (right) to move rovers. Press 'q' to finish a rover's commands.
Controlling null:

Plateau Visualization:
. 

Unknown Rover: null, Distance: 0

Plateau Visualization:
. 

Unknown Rover: null, Distance: 0
]]></system-out>
  <system-err><![CDATA[]]></system-err>
</testsuite>
