<?xml version="1.0" encoding="UTF-8"?>
<testsuite name="com.marsrover.service.ConsoleInputHandlerTest" tests="3" skipped="0" failures="0" errors="0" timestamp="2024-09-26T02:48:30" hostname="samarths-Air.attlocal.net" time="0.015">
  <properties/>
  <testcase name="testGetInput()" classname="com.marsrover.service.ConsoleInputHandlerTest" time="0.007"/>
  <testcase name="testGetInputEmpty()" classname="com.marsrover.service.ConsoleInputHandlerTest" time="0.004"/>
  <testcase name="testIOException()" classname="com.marsrover.service.ConsoleInputHandlerTest" time="0.002"/>
  <system-out><![CDATA[]]></system-out>
  <system-err><![CDATA[]]></system-err>
</testsuite>
