<?xml version="1.0" encoding="UTF-8"?>
<testsuite name="com.marsrover.application.MarsRoverProgramTest" tests="1" skipped="0" failures="0" errors="0" timestamp="2024-09-26T15:01:20" hostname="samarths-Air.attlocal.net" time="2.216">
  <properties/>
  <testcase name="testRun()" classname="com.marsrover.application.MarsRoverProgramTest" time="2.216"/>
  <system-out><![CDATA[Enter rover type (standard/jumping), position and orientation (type x y N/E/S/W) or 'done' to finish:
R1 (standard) deployed successfully.
Enter rover type (standard/jumping), position and orientation (type x y N/E/S/W) or 'done' to finish:
Use L (left), R (right), M (move) to control rovers. Press 'q' to finish a rover's commands.
Controlling null:

Plateau Visualization:
.   

Unknown Rover: null, Distance: 0

Plateau Visualization:
.   

Unknown Rover: null, Distance: 0
]]></system-out>
  <system-err><![CDATA[]]></system-err>
</testsuite>
