<?xml version="1.0" encoding="UTF-8"?>
<testsuite name="RoverTest" tests="5" skipped="0" failures="0" errors="0" timestamp="2024-09-22T22:47:56" hostname="samarths-Air.attlocal.net" time="0.045">
  <properties/>
  <testcase name="testMoveOutOfBounds()" classname="RoverTest" time="0.007"/>
  <testcase name="testInvalidRoverCreation()" classname="RoverTest" time="0.012"/>
  <testcase name="testInvalidCommand()" classname="RoverTest" time="0.005"/>
  <testcase name="testProcessCommands()" classname="RoverTest" time="0.012"/>
  <testcase name="testValidRoverCreation()" classname="RoverTest" time="0.002"/>
  <system-out><![CDATA[]]></system-out>
  <system-err><![CDATA[]]></system-err>
</testsuite>
