<?xml version="1.0" encoding="UTF-8"?>
<testsuite name="RoverFactoryTest" tests="3" skipped="0" failures="0" errors="0" timestamp="2024-09-24T21:26:56" hostname="samarths-Air.attlocal.net" time="0.011">
  <properties/>
  <testcase name="testCreateStandardRover()" classname="RoverFactoryTest" time="0.002"/>
  <testcase name="testCreateJumpingRover()" classname="RoverFactoryTest" time="0.001"/>
  <testcase name="testCreateUnknownRoverType()" classname="RoverFactoryTest" time="0.004"/>
  <system-out><![CDATA[]]></system-out>
  <system-err><![CDATA[]]></system-err>
</testsuite>
